<?xml version="1.0" encoding="UTF-8"?>
<TestRun id="d627b48f-b3ab-4548-9f86-7462f7a06984" name="MDavis@4TCC8P1 2012-06-25 12:41:28" runUser="CLC_DOMAIN\MDavis" xmlns="http://microsoft.com/schemas/VisualStudio/TeamTest/2010">
  <TestSettings name="Local" id="c81e61d7-eda7-4241-abac-4f7c050a0c4f">
    <Description>These are default test settings for a local test run.</Description>
    <Deployment runDeploymentRoot="MDavis_4TCC8P1 2012-06-25 12_41_28">
      <DeploymentItem filename="C:\Users\mdavis\Documents\visual studio 2010\Projects\Specflow\packages\Selenium.Support.2.24.0\lib\net40\WebDriver.Support.dll" />
      <DeploymentItem filename="C:\Users\mdavis\Documents\Visual Studio 2010\Projects\Specflow\packages\Newtonsoft.Json.4.5.1\lib\net40\Newtonsoft.Json.dll" />
      <DeploymentItem filename="C:\Users\mdavis\Documents\visual studio 2010\Projects\Specflow\packages\Newtonsoft.Json.4.5.1\lib\net40\Newtonsoft.Json.dll" />
      <DeploymentItem filename="C:\Users\mdavis\Documents\Visual Studio 2010\Projects\Specflow\packages\Castle.Core.3.0.0.4001\lib\net40-client\Castle.Core.dll" />
      <DeploymentItem filename="C:\Users\mdavis\Documents\visual studio 2010\Projects\Specflow\Chinchilla\bin\Debug\Chinchilla.dll" />
      <DeploymentItem filename="C:\Users\mdavis\Documents\Visual Studio 2010\Projects\Specflow\packages\DotNetZip.1.9.1.8\lib\net20\Ionic.Zip.dll" />
      <DeploymentItem filename="C:\Users\mdavis\Documents\Visual Studio 2010\Projects\Specflow\packages\Selenium.WebDriver.2.24.0\lib\net40\WebDriver.dll" />
      <DeploymentItem filename="C:\Users\mdavis\Documents\visual studio 2010\Projects\Specflow\Specflow\bin\Specflow.dll" />
      <DeploymentItem filename="C:\Users\mdavis\Documents\visual studio 2010\Projects\Specflow\packages\Selenium.WebDriver.2.24.0\lib\net40\WebDriver.dll" />
      <DeploymentItem filename="C:\Users\mdavis\Documents\Visual Studio 2010\Projects\Specflow\packages\Moq.4.0.10827\lib\NET40\Moq.dll" />
      <DeploymentItem filename="C:\Users\mdavis\Documents\visual studio 2010\Projects\Specflow\packages\SpecFlow.1.8.1\lib\net35\TechTalk.SpecFlow.dll" />
      <DeploymentItem filename="C:\Users\mdavis\Documents\visual studio 2010\Projects\Specflow\packages\Castle.Core.3.0.0.4001\lib\net40-client\Castle.Core.dll" />
      <DeploymentItem filename="C:\Users\mdavis\Documents\Visual Studio 2010\Projects\Specflow\packages\Selenium.Support.2.24.0\lib\net40\WebDriver.Support.dll" />
      <DeploymentItem filename="C:\Users\mdavis\Documents\visual studio 2010\Projects\Specflow\packages\DotNetZip.1.9.1.8\lib\net20\Ionic.Zip.dll" />
    </Deployment>
    <Execution>
      <TestTypeSpecific>
        <UnitTestRunConfig testTypeId="13cdc9d9-ddb5-4fa4-a97d-d965ccfc6d4b">
          <AssemblyResolution>
            <TestDirectory useLoadContext="true" />
          </AssemblyResolution>
        </UnitTestRunConfig>
        <WebTestRunConfiguration testTypeId="4e7599fa-5ecb-43e9-a887-cd63cf72d207">
          <Browser name="Internet Explorer 7.0">
            <Headers>
              <Header name="User-Agent" value="Mozilla/4.0 (compatible; MSIE 7.0; Windows NT 5.1)" />
              <Header name="Accept" value="*/*" />
              <Header name="Accept-Language" value="{{$IEAcceptLanguage}}" />
              <Header name="Accept-Encoding" value="GZIP" />
            </Headers>
          </Browser>
        </WebTestRunConfiguration>
      </TestTypeSpecific>
      <AgentRule name="LocalMachineDefaultRole">
        <DataCollectors>
          <DataCollector uri="datacollector://microsoft/CodeCoverage/1.0" assemblyQualifiedName="Microsoft.VisualStudio.TestTools.CodeCoverage.CoveragePlugIn, Microsoft.VisualStudio.QualityTools.Plugins.CodeCoverage, Version=10.0.0.0, Culture=neutral, PublicKeyToken=b03f5f7f11d50a3a" friendlyName="Code Coverage">
            <Configuration>
              <CodeCoverage xmlns="">
                <Regular>
                  <CodeCoverageItem binaryFile="C:\Users\mdavis\Documents\Visual Studio 2010\Projects\Specflow\Chinchilla\bin\Debug\Chinchilla.dll" pdbFile="C:\Users\mdavis\Documents\Visual Studio 2010\Projects\Specflow\Chinchilla\bin\Debug\Chinchilla.instr.pdb" instrumentInPlace="true" />
                </Regular>
              </CodeCoverage>
            </Configuration>
          </DataCollector>
        </DataCollectors>
      </AgentRule>
    </Execution>
  </TestSettings>
  <Times creation="2012-06-25T12:41:28.2869663-07:00" queuing="2012-06-25T12:41:29.6959663-07:00" start="2012-06-25T12:41:29.7429663-07:00" finish="2012-06-25T12:41:37.4049663-07:00" />
  <ResultSummary outcome="Completed">
    <Counters total="4" executed="4" passed="4" error="0" failed="0" timeout="0" aborted="0" inconclusive="0" passedButRunAborted="0" notRunnable="0" notExecuted="0" disconnected="0" warning="0" completed="0" inProgress="0" pending="0" />
    <ResultFiles>
      <ResultFile path="4TCC8P1\data.coverage" />
    </ResultFiles>
  </ResultSummary>
  <TestDefinitions>
    <UnitTest name="ClickLinkTextTest" storage="c:\users\mdavis\documents\visual studio 2010\projects\specflow\chinchilla.tests\bin\debug\chinchilla.tests.dll" id="75228d1f-71c8-c6ea-2c16-67ee9bad2367">
      <Execution id="904c2152-90d4-4cde-901c-b882198ea177" />
      <TestMethod codeBase="C:/Users/mdavis/Documents/Visual Studio 2010/Projects/Specflow/Chinchilla.Tests/bin/Debug/Chinchilla.Tests.DLL" adapterTypeName="Microsoft.VisualStudio.TestTools.TestTypes.Unit.UnitTestAdapter, Microsoft.VisualStudio.QualityTools.Tips.UnitTest.Adapter, Version=10.0.0.0, Culture=neutral, PublicKeyToken=b03f5f7f11d50a3a" className="MJD.Tests.ChinchillaTest, Chinchilla.Tests, Version=1.0.0.0, Culture=neutral, PublicKeyToken=null" name="ClickLinkTextTest" />
    </UnitTest>
    <UnitTest name="NewUserRegisters" storage="c:\users\mdavis\documents\visual studio 2010\projects\specflow\specflow.tests\bin\debug\specflow.tests.dll" id="3e7c6e15-675f-9ab3-bcb4-dce25822e358">
      <Description>New User Registers</Description>
      <Execution id="df27f505-ade0-47a3-a08b-afcd530ab1e5" />
      <Properties>
        <Property>
          <Key>FeatureTitle</Key>
          <Value>Addition</Value>
        </Property>
      </Properties>
      <TestMethod codeBase="C:/Users/mdavis/Documents/visual studio 2010/Projects/Specflow/Specflow.Tests/bin/Debug/Specflow.Tests.DLL" adapterTypeName="Microsoft.VisualStudio.TestTools.TestTypes.Unit.UnitTestAdapter, Microsoft.VisualStudio.QualityTools.Tips.UnitTest.Adapter, Version=10.0.0.0, Culture=neutral, PublicKeyToken=b03f5f7f11d50a3a" className="Specflow.Tests.Features.AdditionFeature, Specflow.Tests, Version=1.0.0.0, Culture=neutral, PublicKeyToken=null" name="NewUserRegisters" />
    </UnitTest>
    <UnitTest name="ClickLinkMultipleTest" storage="c:\users\mdavis\documents\visual studio 2010\projects\specflow\chinchilla.tests\bin\debug\chinchilla.tests.dll" id="22d78590-6f93-535f-927a-33217bb8dffa">
      <Execution id="a9063be7-8432-438e-8dcc-5af340ce366c" />
      <TestMethod codeBase="C:/Users/mdavis/Documents/Visual Studio 2010/Projects/Specflow/Chinchilla.Tests/bin/Debug/Chinchilla.Tests.DLL" adapterTypeName="Microsoft.VisualStudio.TestTools.TestTypes.Unit.UnitTestAdapter, Microsoft.VisualStudio.QualityTools.Tips.UnitTest.Adapter, Version=10.0.0.0, Culture=neutral, PublicKeyToken=b03f5f7f11d50a3a" className="MJD.Tests.ChinchillaTest, Chinchilla.Tests, Version=1.0.0.0, Culture=neutral, PublicKeyToken=null" name="ClickLinkMultipleTest" />
    </UnitTest>
    <UnitTest name="ClickLinkNoneTest" storage="c:\users\mdavis\documents\visual studio 2010\projects\specflow\chinchilla.tests\bin\debug\chinchilla.tests.dll" id="7b80570c-6d2b-6e2a-2a63-b546101f8a23">
      <Execution id="97900a7b-f4fb-4839-91fc-0342ceeb9872" />
      <TestMethod codeBase="C:/Users/mdavis/Documents/Visual Studio 2010/Projects/Specflow/Chinchilla.Tests/bin/Debug/Chinchilla.Tests.DLL" adapterTypeName="Microsoft.VisualStudio.TestTools.TestTypes.Unit.UnitTestAdapter, Microsoft.VisualStudio.QualityTools.Tips.UnitTest.Adapter, Version=10.0.0.0, Culture=neutral, PublicKeyToken=b03f5f7f11d50a3a" className="MJD.Tests.ChinchillaTest, Chinchilla.Tests, Version=1.0.0.0, Culture=neutral, PublicKeyToken=null" name="ClickLinkNoneTest" />
    </UnitTest>
  </TestDefinitions>
  <TestLists>
    <TestList name="Results Not in a List" id="8c84fa94-04c1-424b-9868-57a2d4851a1d" />
    <TestList name="All Loaded Results" id="19431567-8539-422a-85d7-44ee4e166bda" />
  </TestLists>
  <TestEntries>
    <TestEntry testId="22d78590-6f93-535f-927a-33217bb8dffa" executionId="a9063be7-8432-438e-8dcc-5af340ce366c" testListId="8c84fa94-04c1-424b-9868-57a2d4851a1d" />
    <TestEntry testId="3e7c6e15-675f-9ab3-bcb4-dce25822e358" executionId="df27f505-ade0-47a3-a08b-afcd530ab1e5" testListId="8c84fa94-04c1-424b-9868-57a2d4851a1d" />
    <TestEntry testId="75228d1f-71c8-c6ea-2c16-67ee9bad2367" executionId="904c2152-90d4-4cde-901c-b882198ea177" testListId="8c84fa94-04c1-424b-9868-57a2d4851a1d" />
    <TestEntry testId="7b80570c-6d2b-6e2a-2a63-b546101f8a23" executionId="97900a7b-f4fb-4839-91fc-0342ceeb9872" testListId="8c84fa94-04c1-424b-9868-57a2d4851a1d" />
  </TestEntries>
  <Results>
    <UnitTestResult executionId="a9063be7-8432-438e-8dcc-5af340ce366c" testId="22d78590-6f93-535f-927a-33217bb8dffa" testName="ClickLinkMultipleTest" computerName="4TCC8P1" duration="00:00:00.2361291" startTime="2012-06-25T12:41:30.4509663-07:00" endTime="2012-06-25T12:41:30.8599663-07:00" testType="13cdc9d9-ddb5-4fa4-a97d-d965ccfc6d4b" outcome="Passed" testListId="8c84fa94-04c1-424b-9868-57a2d4851a1d" relativeResultsDirectory="a9063be7-8432-438e-8dcc-5af340ce366c">
    </UnitTestResult>
    <UnitTestResult executionId="df27f505-ade0-47a3-a08b-afcd530ab1e5" testId="3e7c6e15-675f-9ab3-bcb4-dce25822e358" testName="NewUserRegisters" computerName="4TCC8P1" duration="00:00:04.6532610" startTime="2012-06-25T12:41:30.8599663-07:00" endTime="2012-06-25T12:41:35.7559663-07:00" testType="13cdc9d9-ddb5-4fa4-a97d-d965ccfc6d4b" outcome="Passed" testListId="8c84fa94-04c1-424b-9868-57a2d4851a1d" relativeResultsDirectory="df27f505-ade0-47a3-a08b-afcd530ab1e5">
      <Output>
        <StdOut>Given I'm on /
-&gt; done: StepDefinitions.GivenImOn("/") (4.4s)
When I click on the Log On link
-&gt; done: StepDefinitions.WhenIClickOnLink("Log On") (0.1s)</StdOut>
      </Output>
    </UnitTestResult>
    <UnitTestResult executionId="904c2152-90d4-4cde-901c-b882198ea177" testId="75228d1f-71c8-c6ea-2c16-67ee9bad2367" testName="ClickLinkTextTest" computerName="4TCC8P1" duration="00:00:00.0025310" startTime="2012-06-25T12:41:35.7569663-07:00" endTime="2012-06-25T12:41:35.7619663-07:00" testType="13cdc9d9-ddb5-4fa4-a97d-d965ccfc6d4b" outcome="Passed" testListId="8c84fa94-04c1-424b-9868-57a2d4851a1d" relativeResultsDirectory="904c2152-90d4-4cde-901c-b882198ea177">
    </UnitTestResult>
    <UnitTestResult executionId="97900a7b-f4fb-4839-91fc-0342ceeb9872" testId="7b80570c-6d2b-6e2a-2a63-b546101f8a23" testName="ClickLinkNoneTest" computerName="4TCC8P1" duration="00:00:00.0014906" startTime="2012-06-25T12:41:35.7639663-07:00" endTime="2012-06-25T12:41:35.7679663-07:00" testType="13cdc9d9-ddb5-4fa4-a97d-d965ccfc6d4b" outcome="Passed" testListId="8c84fa94-04c1-424b-9868-57a2d4851a1d" relativeResultsDirectory="97900a7b-f4fb-4839-91fc-0342ceeb9872">
    </UnitTestResult>
  </Results>
</TestRun>