<?xml version="1.0" encoding="UTF-8"?>
<TestRun id="8a9a6c83-409d-474f-83d0-1169faf653c8" name="MDavis@4TCC8P1 2012-06-25 12:37:44" runUser="CLC_DOMAIN\MDavis" xmlns="http://microsoft.com/schemas/VisualStudio/TeamTest/2010">
  <TestSettings name="Local" id="c81e61d7-eda7-4241-abac-4f7c050a0c4f">
    <Description>These are default test settings for a local test run.</Description>
    <Deployment enabled="false" runDeploymentRoot="MDavis_4TCC8P1 2012-06-25 12_37_44">
      <DeploymentItem filename="C:\Users\mdavis\Documents\visual studio 2010\Projects\Specflow\packages\Selenium.Support.2.24.0\lib\net40\WebDriver.Support.dll" />
      <DeploymentItem filename="C:\Users\mdavis\Documents\Visual Studio 2010\Projects\Specflow\packages\Newtonsoft.Json.4.5.1\lib\net40\Newtonsoft.Json.dll" />
      <DeploymentItem filename="C:\Users\mdavis\Documents\visual studio 2010\Projects\Specflow\packages\Newtonsoft.Json.4.5.1\lib\net40\Newtonsoft.Json.dll" />
      <DeploymentItem filename="C:\Users\mdavis\Documents\Visual Studio 2010\Projects\Specflow\packages\Castle.Core.3.0.0.4001\lib\net40-client\Castle.Core.dll" />
      <DeploymentItem filename="C:\Users\mdavis\Documents\visual studio 2010\Projects\Specflow\Chinchilla\bin\Debug\Chinchilla.dll" />
      <DeploymentItem filename="C:\Users\mdavis\Documents\Visual Studio 2010\Projects\Specflow\packages\DotNetZip.1.9.1.8\lib\net20\Ionic.Zip.dll" />
      <DeploymentItem filename="C:\Users\mdavis\Documents\Visual Studio 2010\Projects\Specflow\packages\Selenium.WebDriver.2.24.0\lib\net40\WebDriver.dll" />
      <DeploymentItem filename="C:\Users\mdavis\Documents\visual studio 2010\Projects\Specflow\Specflow\bin\Specflow.dll" />
      <DeploymentItem filename="C:\Users\mdavis\Documents\visual studio 2010\Projects\Specflow\packages\Selenium.WebDriver.2.24.0\lib\net40\WebDriver.dll" />
      <DeploymentItem filename="C:\Users\mdavis\Documents\Visual Studio 2010\Projects\Specflow\packages\Moq.4.0.10827\lib\NET40\Moq.dll" />
      <DeploymentItem filename="C:\Users\mdavis\Documents\visual studio 2010\Projects\Specflow\packages\SpecFlow.1.8.1\lib\net35\TechTalk.SpecFlow.dll" />
      <DeploymentItem filename="C:\Users\mdavis\Documents\visual studio 2010\Projects\Specflow\packages\Castle.Core.3.0.0.4001\lib\net40-client\Castle.Core.dll" />
      <DeploymentItem filename="C:\Users\mdavis\Documents\Visual Studio 2010\Projects\Specflow\packages\Selenium.Support.2.24.0\lib\net40\WebDriver.Support.dll" />
      <DeploymentItem filename="C:\Users\mdavis\Documents\visual studio 2010\Projects\Specflow\packages\DotNetZip.1.9.1.8\lib\net20\Ionic.Zip.dll" />
    </Deployment>
    <Execution>
      <TestTypeSpecific />
      <AgentRule name="Execution Agents">
      </AgentRule>
    </Execution>
  </TestSettings>
  <Times creation="2012-06-25T12:37:44.3913663-07:00" queuing="2012-06-25T12:37:44.4693663-07:00" start="2012-06-25T12:37:44.4693663-07:00" finish="2012-06-25T12:37:49.5881663-07:00" />
  <ResultSummary outcome="Completed">
    <Counters total="4" executed="4" passed="4" error="0" failed="0" timeout="0" aborted="0" inconclusive="0" passedButRunAborted="0" notRunnable="0" notExecuted="0" disconnected="0" warning="0" completed="0" inProgress="0" pending="0" />
  </ResultSummary>
  <TestDefinitions>
    <UnitTest name="ClickLinkTextTest" storage="c:\users\mdavis\documents\visual studio 2010\projects\specflow\chinchilla.tests\bin\debug\chinchilla.tests.dll" id="75228d1f-71c8-c6ea-2c16-67ee9bad2367">
      <Execution id="f2cc8567-e555-47d7-a813-489aef2d6b4b" />
      <TestMethod codeBase="C:/Users/mdavis/Documents/Visual Studio 2010/Projects/Specflow/Chinchilla.Tests/bin/Debug/Chinchilla.Tests.DLL" adapterTypeName="Microsoft.VisualStudio.TestTools.TestTypes.Unit.UnitTestAdapter, Microsoft.VisualStudio.QualityTools.Tips.UnitTest.Adapter, Version=10.0.0.0, Culture=neutral, PublicKeyToken=b03f5f7f11d50a3a" className="MJD.Tests.ChinchillaTest, Chinchilla.Tests, Version=1.0.0.0, Culture=neutral, PublicKeyToken=null" name="ClickLinkTextTest" />
    </UnitTest>
    <UnitTest name="NewUserRegisters" storage="c:\users\mdavis\documents\visual studio 2010\projects\specflow\specflow.tests\bin\debug\specflow.tests.dll" id="3e7c6e15-675f-9ab3-bcb4-dce25822e358">
      <Description>New User Registers</Description>
      <Execution id="ef4fa628-d4f4-468b-a0a2-8f1ecc569ace" />
      <Properties>
        <Property>
          <Key>FeatureTitle</Key>
          <Value>Addition</Value>
        </Property>
      </Properties>
      <TestMethod codeBase="C:/Users/mdavis/Documents/visual studio 2010/Projects/Specflow/Specflow.Tests/bin/Debug/Specflow.Tests.DLL" adapterTypeName="Microsoft.VisualStudio.TestTools.TestTypes.Unit.UnitTestAdapter, Microsoft.VisualStudio.QualityTools.Tips.UnitTest.Adapter, Version=10.0.0.0, Culture=neutral, PublicKeyToken=b03f5f7f11d50a3a" className="Specflow.Tests.Features.AdditionFeature, Specflow.Tests, Version=1.0.0.0, Culture=neutral, PublicKeyToken=null" name="NewUserRegisters" />
    </UnitTest>
    <UnitTest name="ClickLinkMultipleTest" storage="c:\users\mdavis\documents\visual studio 2010\projects\specflow\chinchilla.tests\bin\debug\chinchilla.tests.dll" id="22d78590-6f93-535f-927a-33217bb8dffa">
      <Execution id="f46f2aa9-3fe7-4473-a0ec-2efb6856ed82" />
      <TestMethod codeBase="C:/Users/mdavis/Documents/Visual Studio 2010/Projects/Specflow/Chinchilla.Tests/bin/Debug/Chinchilla.Tests.DLL" adapterTypeName="Microsoft.VisualStudio.TestTools.TestTypes.Unit.UnitTestAdapter, Microsoft.VisualStudio.QualityTools.Tips.UnitTest.Adapter, Version=10.0.0.0, Culture=neutral, PublicKeyToken=b03f5f7f11d50a3a" className="MJD.Tests.ChinchillaTest, Chinchilla.Tests, Version=1.0.0.0, Culture=neutral, PublicKeyToken=null" name="ClickLinkMultipleTest" />
    </UnitTest>
    <UnitTest name="ClickLinkNoneTest" storage="c:\users\mdavis\documents\visual studio 2010\projects\specflow\chinchilla.tests\bin\debug\chinchilla.tests.dll" id="7b80570c-6d2b-6e2a-2a63-b546101f8a23">
      <Execution id="458e09e2-de53-4123-9364-4855e5998e68" />
      <TestMethod codeBase="C:/Users/mdavis/Documents/Visual Studio 2010/Projects/Specflow/Chinchilla.Tests/bin/Debug/Chinchilla.Tests.DLL" adapterTypeName="Microsoft.VisualStudio.TestTools.TestTypes.Unit.UnitTestAdapter, Microsoft.VisualStudio.QualityTools.Tips.UnitTest.Adapter, Version=10.0.0.0, Culture=neutral, PublicKeyToken=b03f5f7f11d50a3a" className="MJD.Tests.ChinchillaTest, Chinchilla.Tests, Version=1.0.0.0, Culture=neutral, PublicKeyToken=null" name="ClickLinkNoneTest" />
    </UnitTest>
  </TestDefinitions>
  <TestLists>
    <TestList name="Results Not in a List" id="8c84fa94-04c1-424b-9868-57a2d4851a1d" />
    <TestList name="All Loaded Results" id="19431567-8539-422a-85d7-44ee4e166bda" />
  </TestLists>
  <TestEntries>
    <TestEntry testId="22d78590-6f93-535f-927a-33217bb8dffa" executionId="f46f2aa9-3fe7-4473-a0ec-2efb6856ed82" testListId="8c84fa94-04c1-424b-9868-57a2d4851a1d" />
    <TestEntry testId="3e7c6e15-675f-9ab3-bcb4-dce25822e358" executionId="ef4fa628-d4f4-468b-a0a2-8f1ecc569ace" testListId="8c84fa94-04c1-424b-9868-57a2d4851a1d" />
    <TestEntry testId="75228d1f-71c8-c6ea-2c16-67ee9bad2367" executionId="f2cc8567-e555-47d7-a813-489aef2d6b4b" testListId="8c84fa94-04c1-424b-9868-57a2d4851a1d" />
    <TestEntry testId="7b80570c-6d2b-6e2a-2a63-b546101f8a23" executionId="458e09e2-de53-4123-9364-4855e5998e68" testListId="8c84fa94-04c1-424b-9868-57a2d4851a1d" />
  </TestEntries>
  <Results>
    <UnitTestResult executionId="f46f2aa9-3fe7-4473-a0ec-2efb6856ed82" testId="22d78590-6f93-535f-927a-33217bb8dffa" testName="ClickLinkMultipleTest" computerName="4TCC8P1" duration="00:00:00.1857673" startTime="2012-06-25T12:37:44.4693663-07:00" endTime="2012-06-25T12:37:44.8125663-07:00" testType="13cdc9d9-ddb5-4fa4-a97d-d965ccfc6d4b" outcome="Passed" testListId="8c84fa94-04c1-424b-9868-57a2d4851a1d" relativeResultsDirectory="f46f2aa9-3fe7-4473-a0ec-2efb6856ed82">
    </UnitTestResult>
    <UnitTestResult executionId="ef4fa628-d4f4-468b-a0a2-8f1ecc569ace" testId="3e7c6e15-675f-9ab3-bcb4-dce25822e358" testName="NewUserRegisters" computerName="4TCC8P1" duration="00:00:04.5175066" startTime="2012-06-25T12:37:44.8125663-07:00" endTime="2012-06-25T12:37:49.5569663-07:00" testType="13cdc9d9-ddb5-4fa4-a97d-d965ccfc6d4b" outcome="Passed" testListId="8c84fa94-04c1-424b-9868-57a2d4851a1d" relativeResultsDirectory="ef4fa628-d4f4-468b-a0a2-8f1ecc569ace">
      <Output>
        <StdOut>Given I'm on /
-&gt; done: StepDefinitions.GivenImOn("/") (4.3s)
When I click on the Log On link
-&gt; done: StepDefinitions.WhenIClickOnLink("Log On") (0.1s)</StdOut>
      </Output>
    </UnitTestResult>
    <UnitTestResult executionId="f2cc8567-e555-47d7-a813-489aef2d6b4b" testId="75228d1f-71c8-c6ea-2c16-67ee9bad2367" testName="ClickLinkTextTest" computerName="4TCC8P1" duration="00:00:00.0028770" startTime="2012-06-25T12:37:49.5569663-07:00" endTime="2012-06-25T12:37:49.5725663-07:00" testType="13cdc9d9-ddb5-4fa4-a97d-d965ccfc6d4b" outcome="Passed" testListId="8c84fa94-04c1-424b-9868-57a2d4851a1d" relativeResultsDirectory="f2cc8567-e555-47d7-a813-489aef2d6b4b">
    </UnitTestResult>
    <UnitTestResult executionId="458e09e2-de53-4123-9364-4855e5998e68" testId="7b80570c-6d2b-6e2a-2a63-b546101f8a23" testName="ClickLinkNoneTest" computerName="4TCC8P1" duration="00:00:00.0013750" startTime="2012-06-25T12:37:49.5725663-07:00" endTime="2012-06-25T12:37:49.5725663-07:00" testType="13cdc9d9-ddb5-4fa4-a97d-d965ccfc6d4b" outcome="Passed" testListId="8c84fa94-04c1-424b-9868-57a2d4851a1d" relativeResultsDirectory="458e09e2-de53-4123-9364-4855e5998e68">
    </UnitTestResult>
  </Results>
</TestRun>